mail() on [/home/pseudopi/public_html/206tutoring.com/mail.php:54]: To: jamesfhoover@gmail.com -- Headers: From: 206Tutoring
mail() on [/home/pseudopi/public_html/206tutoring.com/mail.php:54]: To: jamesfhoover@gmail.com -- Headers: From: 206Tutoring
mail() on [/home/pseudopi/public_html/206tutoring.com/mail.php:54]: To: jamesfhoover@gmail.com -- Headers: From: 206Tutoring
mail() on [/home/pseudopi/public_html/206tutoring.com/mail.php:43]: To: jamesfhoover@gmail.com -- Headers: From: 206Tutoring
mail() on [/home/pseudopi/public_html/206tutoring.com/mail.php:44]: To: jamesfhoover@gmail.com -- Headers: From: 206Tutoring
mail() on [/home/pseudopi/public_html/206tutoring.com/mail.php:53]: To: jamesfhoover@gmail.com -- Headers: From: 206Tutoring
mail() on [/home/pseudopi/public_html/206tutoring.com/mail.php:53]: To: jamesfhoover@gmail.com -- Headers: From: 206Tutoring
mail() on [/home/pseudopi/public_html/206tutoring.com/home.php:118]: To: jamesfhoover@gmail.com -- Headers: From: 206Tutoring
mail() on [/home/pseudopi/public_html/206tutoring.com/home.php:118]: To: jamesfhoover@gmail.com -- Headers: From: 206Tutoring
mail() on [/home/pseudopi/public_html/206tutoring.com/home.php:118]: To: jamesfhoover@gmail.com -- Headers: From: 206Tutoring
mail() on [/home/pseudopi/public_html/206tutoring.com/home.php:118]: To: jamesfhoover@gmail.com -- Headers: From: 206Tutoring
mail() on [/home/pseudopi/public_html/206tutoring.com/about.php:108]: To: jamesfhoover@gmail.com -- Headers: From: 206Tutoring
mail() on [/home/pseudopi/public_html/206tutoring.com/about.php:108]: To: jamesfhoover@gmail.com -- Headers: From: 206Tutoring
mail() on [/home/pseudopi/public_html/206tutoring.com/about.php:108]: To: jamesfhoover@gmail.com -- Headers: From: 206Tutoring
mail() on [/home/pseudopi/public_html/206tutoring.com/about.php:108]: To: jamesfhoover@gmail.com -- Headers: From: 206Tutoring
mail() on [/home/pseudopi/public_html/206tutoring.com/about.php:108]: To: jamesfhoover@gmail.com -- Headers: From: 206Tutoring
mail() on [/home/pseudopi/public_html/206tutoring.com/about.php:119]: To: itscml@gmail.com -- Headers: From: 206Tutoring
mail() on [/home/pseudopi/public_html/206tutoring.com/about.php:128]: To: itscml@gmail.com -- Headers: From: 206Tutoring
mail() on [/home/pseudopi/public_html/206tutoring.com/about.php:128]: To: itscml@gmail.com -- Headers: From: 206Tutoring
mail() on [/home/pseudopi/public_html/206tutoring.com/about.php:141]: To: itscml@gmail.com -- Headers: From: 206Tutoring
mail() on [/home/pseudopi/public_html/206tutoring.com/about.php:171]: To: itscml@gmail.com -- Headers: From: 206Tutoring
mail() on [/home/pseudopi/public_html/206tutoring.com/home.php:182]: To: itscml@gmail.com -- Headers: From: 206Tutoring
mail() on [/home/pseudopi/public_html/206tutoring.com/about.php:186]: To: itscml@gmail.com -- Headers: From: 206Tutoring
mail() on [/home/pseudopi/public_html/206tutoring.com/home.php:182]: To: itscml@gmail.com -- Headers: From: 206Tutoring
mail() on [/home/pseudopi/public_html/206tutoring.com/home.php:182]: To: itscml@gmail.com -- Headers: From: 206Tutoring
mail() on [/home/pseudopi/public_html/206tutoring.com/about.php:186]: To: itscml@gmail.com -- Headers: From: 206Tutoring
mail() on [/home/pseudopi/public_html/206tutoring.com/about.php:186]: To: itscml@gmail.com -- Headers: From: 206Tutoring
mail() on [/home/pseudopi/public_html/206tutoring.com/about.php:186]: To: itscml@gmail.com -- Headers: From: 206Tutoring
mail() on [/home/pseudopi/public_html/206tutoring.com/about.php:186]: To: itscml@gmail.com -- Headers: From: 206Tutoring
mail() on [/home/pseudopi/public_html/206tutoring.com/about.php:186]: To: itscml@gmail.com -- Headers: From: 206Tutoring
mail() on [/home/pseudopi/public_html/206tutoring.com/about.php:186]: To: itscml@gmail.com -- Headers: From: 206Tutoring
mail() on [/home/pseudopi/public_html/206tutoring.com/about.php:186]: To: itscml@gmail.com -- Headers: From: 206Tutoring
mail() on [/home/pseudopi/public_html/206tutoring.com/home.php:182]: To: itscml@gmail.com -- Headers: From: 206Tutoring
mail() on [/home/pseudopi/public_html/206tutoring.com/about.php:186]: To: itscml@gmail.com -- Headers: From: 206Tutoring
mail() on [/home/pseudopi/public_html/206tutoring.com/about.php:186]: To: itscml@gmail.com -- Headers: From: 206Tutoring
mail() on [/home/pseudopi/public_html/206tutoring.com/about.php:186]: To: itscml@gmail.com -- Headers: From: 206Tutoring
mail() on [/home/pseudopi/public_html/206tutoring.com/about.php:186]: To: itscml@gmail.com -- Headers: From: 206Tutoring
mail() on [/home/pseudopi/public_html/206tutoring.com/about.php:186]: To: itscml@gmail.com -- Headers: From: 206Tutoring
mail() on [/home/pseudopi/public_html/206tutoring.com/about.php:186]: To: itscml@gmail.com -- Headers: From: 206Tutoring
mail() on [/home/pseudopi/public_html/206tutoring.com/about.php:186]: To: itscml@gmail.com -- Headers: From: 206Tutoring
mail() on [/home/pseudopi/public_html/206tutoring.com/about.php:186]: To: itscml@gmail.com -- Headers: From: 206Tutoring
mail() on [/home/pseudopi/public_html/206tutoring.com/about.php:191]: To: itscml@gmail.com -- Headers: From: 206Tutoring
mail() on [/home/pseudopi/public_html/206tutoring.com/about.php:191]: To: itscml@gmail.com -- Headers: From: 206Tutoring
mail() on [/home/pseudopi/public_html/206tutoring.com/about.php:191]: To: itscml@gmail.com -- Headers: From: 206Tutoring
mail() on [/home/pseudopi/public_html/206tutoring.com/about.php:191]: To: itscml@gmail.com -- Headers: From: 206Tutoring
mail() on [/home/pseudopi/public_html/206tutoring.com/about.php:191]: To: itscml@gmail.com -- Headers: From: 206Tutoring
mail() on [/home/pseudopi/public_html/206tutoring.com/about.php:191]: To: itscml@gmail.com -- Headers: From: 206Tutoring
mail() on [/home/pseudopi/public_html/206tutoring.com/about.php:191]: To: itscml@gmail.com -- Headers: From: 206Tutoring
mail() on [/home/pseudopi/public_html/206tutoring.com/about.php:191]: To: itscml@gmail.com -- Headers: From: 206Tutoring
mail() on [/home/pseudopi/public_html/206tutoring.com/home.php:182]: To: itscml@gmail.com -- Headers: From: 206Tutoring
mail() on [/home/pseudopi/public_html/206tutoring.com/home.php:182]: To: itscml@gmail.com -- Headers: From: 206Tutoring
mail() on [/home/pseudopi/public_html/206tutoring.com/about.php:191]: To: itscml@gmail.com -- Headers: From: 206Tutoring
mail() on [/home/pseudopi/public_html/206tutoring.com/about.php:191]: To: itscml@gmail.com -- Headers: From: 206Tutoring
mail() on [/home/pseudopi/public_html/206tutoring.com/about.php:191]: To: itscml@gmail.com -- Headers: From: 206Tutoring
mail() on [/home/pseudopi/public_html/206tutoring.com/about.php:191]: To: itscml@gmail.com -- Headers: From: 206Tutoring
mail() on [/home/pseudopi/public_html/206tutoring.com/about.php:191]: To: itscml@gmail.com -- Headers: From: 206Tutoring
mail() on [/home/pseudopi/public_html/206tutoring.com/about.php:191]: To: itscml@gmail.com -- Headers: From: 206Tutoring
mail() on [/home/pseudopi/public_html/206tutoring.com/about.php:191]: To: itscml@gmail.com -- Headers: From: 206Tutoring
mail() on [/home/pseudopi/public_html/206tutoring.com/about.php:191]: To: itscml@gmail.com -- Headers: From: 206Tutoring
mail() on [/home/pseudopi/public_html/206tutoring.com/about.php:191]: To: itscml@gmail.com -- Headers: From: 206Tutoring
mail() on [/home/pseudopi/public_html/206tutoring.com/about.php:191]: To: itscml@gmail.com -- Headers: From: 206Tutoring
mail() on [/home/pseudopi/public_html/206tutoring.com/about.php:191]: To: itscml@gmail.com -- Headers: From: 206Tutoring
mail() on [/home/pseudopi/public_html/206tutoring.com/about.php:191]: To: itscml@gmail.com -- Headers: From: 206Tutoring
mail() on [/home/pseudopi/public_html/206tutoring.com/about.php:191]: To: itscml@gmail.com -- Headers: From: 206Tutoring
mail() on [/home/pseudopi/public_html/206tutoring.com/about.php:191]: To: itscml@gmail.com -- Headers: From: 206Tutoring
mail() on [/home/pseudopi/public_html/206tutoring.com/home.php:182]: To: itscml@gmail.com -- Headers: From: 206Tutoring
mail() on [/home/pseudopi/public_html/206tutoring.com/about.php:191]: To: itscml@gmail.com -- Headers: From: 206Tutoring
mail() on [/home/pseudopi/public_html/206tutoring.com/about.php:191]: To: itscml@gmail.com -- Headers: From: 206Tutoring
mail() on [/home/pseudopi/public_html/206tutoring.com/about.php:191]: To: itscml@gmail.com -- Headers: From: 206Tutoring
